<?xml version="1.0" encoding="UTF-8"?>
<!-- Generated by org.testng.reporters.JUnitReportReporter -->
<testsuite skipped="0" hostname="LAPTOP-PTRHG6NR" name="com.crm.readdata.ReadDataTest" tests="1" failures="0" timestamp="15 Mar 2022 02:26:07 GMT" time="0.021" errors="0">
  <testcase name="read" time="0.021" classname="com.crm.readdata.ReadDataTest"/>
</testsuite> <!-- com.crm.readdata.ReadDataTest -->
